<?xml version="1.0" encoding="UTF-8"?>
<coverage generated="1598764399408" clover="3.2.0">
  <project timestamp="1598764399409" name="All files">
    <metrics statements="51" coveredstatements="51" conditionals="26" coveredconditionals="26" methods="6" coveredmethods="6" elements="83" coveredelements="83" complexity="0" loc="51" ncloc="51" packages="5" files="6" classes="6"/>
    <package name="constants">
      <metrics statements="6" coveredstatements="6" conditionals="0" coveredconditionals="0" methods="0" coveredmethods="0"/>
      <file name="index.js" path="/home/THernandez/Projects/comparaonline.test/src/constants/index.js">
        <metrics statements="0" coveredstatements="0" conditionals="0" coveredconditionals="0" methods="0" coveredmethods="0"/>
      </file>
      <file name="productNames.js" path="/home/THernandez/Projects/comparaonline.test/src/constants/productNames.js">
        <metrics statements="6" coveredstatements="6" conditionals="0" coveredconditionals="0" methods="0" coveredmethods="0"/>
        <line num="1" count="1" type="stmt"/>
        <line num="2" count="1" type="stmt"/>
        <line num="3" count="1" type="stmt"/>
        <line num="4" count="1" type="stmt"/>
        <line num="5" count="1" type="stmt"/>
        <line num="6" count="1" type="stmt"/>
      </file>
    </package>
    <package name="models.CarInsurance">
      <metrics statements="36" coveredstatements="36" conditionals="18" coveredconditionals="18" methods="3" coveredmethods="3"/>
      <file name="CarInsurance.js" path="/home/THernandez/Projects/comparaonline.test/src/models/CarInsurance/CarInsurance.js">
        <metrics statements="36" coveredstatements="36" conditionals="18" coveredconditionals="18" methods="3" coveredmethods="3"/>
        <line num="11" count="14" type="cond" truecount="2" falsecount="0"/>
        <line num="15" count="229" type="cond" truecount="5" falsecount="0"/>
        <line num="17" count="30" type="stmt"/>
        <line num="19" count="4" type="stmt"/>
        <line num="21" count="90" type="stmt"/>
        <line num="23" count="15" type="stmt"/>
        <line num="25" count="90" type="stmt"/>
        <line num="30" count="30" type="stmt"/>
        <line num="31" count="30" type="stmt"/>
        <line num="33" count="30" type="cond" truecount="2" falsecount="0"/>
        <line num="34" count="28" type="stmt"/>
        <line num="37" count="30" type="stmt"/>
        <line num="38" count="30" type="stmt"/>
        <line num="40" count="30" type="stmt"/>
        <line num="44" count="4" type="stmt"/>
        <line num="48" count="90" type="stmt"/>
        <line num="49" count="90" type="stmt"/>
        <line num="51" count="90" type="cond" truecount="2" falsecount="0"/>
        <line num="52" count="85" type="stmt"/>
        <line num="55" count="90" type="cond" truecount="2" falsecount="0"/>
        <line num="56" count="75" type="stmt"/>
        <line num="59" count="90" type="cond" truecount="2" falsecount="0"/>
        <line num="60" count="60" type="stmt"/>
        <line num="62" count="30" type="stmt"/>
        <line num="65" count="90" type="stmt"/>
        <line num="67" count="90" type="stmt"/>
        <line num="71" count="15" type="stmt"/>
        <line num="75" count="105" type="stmt"/>
        <line num="76" count="105" type="stmt"/>
        <line num="78" count="105" type="cond" truecount="2" falsecount="0"/>
        <line num="79" count="76" type="stmt"/>
        <line num="82" count="105" type="stmt"/>
        <line num="83" count="105" type="stmt"/>
        <line num="85" count="105" type="stmt"/>
        <line num="89" count="229" type="stmt"/>
        <line num="90" count="229" type="stmt"/>
      </file>
    </package>
    <package name="models.Product">
      <metrics statements="3" coveredstatements="3" conditionals="0" coveredconditionals="0" methods="1" coveredmethods="1"/>
      <file name="Product.js" path="/home/THernandez/Projects/comparaonline.test/src/models/Product/Product.js">
        <metrics statements="3" coveredstatements="3" conditionals="0" coveredconditionals="0" methods="1" coveredmethods="1"/>
        <line num="3" count="242" type="stmt"/>
        <line num="4" count="242" type="stmt"/>
        <line num="5" count="242" type="stmt"/>
      </file>
    </package>
    <package name="utils">
      <metrics statements="0" coveredstatements="0" conditionals="0" coveredconditionals="0" methods="0" coveredmethods="0"/>
      <file name="index.js" path="/home/THernandez/Projects/comparaonline.test/src/utils/index.js">
        <metrics statements="0" coveredstatements="0" conditionals="0" coveredconditionals="0" methods="0" coveredmethods="0"/>
      </file>
    </package>
    <package name="utils.price">
      <metrics statements="6" coveredstatements="6" conditionals="8" coveredconditionals="8" methods="2" coveredmethods="2"/>
      <file name="price.js" path="/home/THernandez/Projects/comparaonline.test/src/utils/price/price.js">
        <metrics statements="6" coveredstatements="6" conditionals="8" coveredconditionals="8" methods="2" coveredmethods="2"/>
        <line num="1" count="2" type="cond" truecount="2" falsecount="0"/>
        <line num="2" count="65" type="stmt"/>
        <line num="3" count="65" type="cond" truecount="2" falsecount="0"/>
        <line num="6" count="2" type="cond" truecount="2" falsecount="0"/>
        <line num="7" count="110" type="stmt"/>
        <line num="8" count="110" type="cond" truecount="2" falsecount="0"/>
      </file>
    </package>
  </project>
</coverage>
