{"/home/THernandez/Projects/comparaonline.test/src/constants/index.js": {"path":"/home/THernandez/Projects/comparaonline.test/src/constants/index.js","statementMap":{},"fnMap":{},"branchMap":{},"s":{},"f":{},"b":{},"_coverageSchema":"1a1c01bbd47fc00a2c39e90264f33305004495a9","hash":"6248a4ec183bfe927a709c1fb2e06aad28a79b74"}
,"/home/THernandez/Projects/comparaonline.test/src/constants/productNames.js": {"path":"/home/THernandez/Projects/comparaonline.test/src/constants/productNames.js","statementMap":{"0":{"start":{"line":1,"column":28},"end":{"line":1,"column":42}},"1":{"start":{"line":2,"column":31},"end":{"line":2,"column":48}},"2":{"start":{"line":3,"column":29},"end":{"line":3,"column":44}},"3":{"start":{"line":4,"column":29},"end":{"line":4,"column":44}},"4":{"start":{"line":5,"column":37},"end":{"line":5,"column":60}},"5":{"start":{"line":6,"column":26},"end":{"line":6,"column":38}}},"fnMap":{},"branchMap":{},"s":{"0":1,"1":1,"2":1,"3":1,"4":1,"5":1},"f":{},"b":{},"_coverageSchema":"1a1c01bbd47fc00a2c39e90264f33305004495a9","hash":"a4f67b53dd8e5b787bf1760e05aaef8bd76c8ddb"}
,"/home/THernandez/Projects/comparaonline.test/src/models/CarInsurance/CarInsurance.js": {"path":"/home/THernandez/Projects/comparaonline.test/src/models/CarInsurance/CarInsurance.js","statementMap":{"0":{"start":{"line":11,"column":4},"end":{"line":11,"column":35}},"1":{"start":{"line":15,"column":4},"end":{"line":26,"column":5}},"2":{"start":{"line":17,"column":8},"end":{"line":17,"column":49}},"3":{"start":{"line":19,"column":8},"end":{"line":19,"column":49}},"4":{"start":{"line":21,"column":8},"end":{"line":21,"column":56}},"5":{"start":{"line":23,"column":8},"end":{"line":23,"column":54}},"6":{"start":{"line":25,"column":8},"end":{"line":25,"column":48}},"7":{"start":{"line":30,"column":30},"end":{"line":30,"column":37}},"8":{"start":{"line":31,"column":17},"end":{"line":31,"column":18}},"9":{"start":{"line":33,"column":4},"end":{"line":35,"column":5}},"10":{"start":{"line":34,"column":6},"end":{"line":34,"column":17}},"11":{"start":{"line":37,"column":4},"end":{"line":37,"column":32}},"12":{"start":{"line":38,"column":4},"end":{"line":38,"column":44}},"13":{"start":{"line":40,"column":4},"end":{"line":40,"column":19}},"14":{"start":{"line":44,"column":4},"end":{"line":44,"column":19}},"15":{"start":{"line":48,"column":30},"end":{"line":48,"column":37}},"16":{"start":{"line":49,"column":17},"end":{"line":49,"column":18}},"17":{"start":{"line":51,"column":4},"end":{"line":53,"column":5}},"18":{"start":{"line":52,"column":6},"end":{"line":52,"column":17}},"19":{"start":{"line":55,"column":4},"end":{"line":57,"column":5}},"20":{"start":{"line":56,"column":6},"end":{"line":56,"column":17}},"21":{"start":{"line":59,"column":4},"end":{"line":63,"column":5}},"22":{"start":{"line":60,"column":6},"end":{"line":60,"column":24}},"23":{"start":{"line":62,"column":6},"end":{"line":62,"column":46}},"24":{"start":{"line":65,"column":4},"end":{"line":65,"column":32}},"25":{"start":{"line":67,"column":4},"end":{"line":67,"column":19}},"26":{"start":{"line":71,"column":4},"end":{"line":71,"column":47}},"27":{"start":{"line":75,"column":30},"end":{"line":75,"column":37}},"28":{"start":{"line":76,"column":17},"end":{"line":76,"column":31}},"29":{"start":{"line":78,"column":4},"end":{"line":80,"column":5}},"30":{"start":{"line":79,"column":6},"end":{"line":79,"column":30}},"31":{"start":{"line":82,"column":4},"end":{"line":82,"column":32}},"32":{"start":{"line":83,"column":4},"end":{"line":83,"column":44}},"33":{"start":{"line":85,"column":4},"end":{"line":85,"column":19}},"34":{"start":{"line":89,"column":4},"end":{"line":91,"column":6}},"35":{"start":{"line":90,"column":6},"end":{"line":90,"column":59}}},"fnMap":{"0":{"name":"(anonymous_0)","decl":{"start":{"line":10,"column":2},"end":{"line":10,"column":3}},"loc":{"start":{"line":10,"column":24},"end":{"line":12,"column":3}},"line":10},"1":{"name":"(anonymous_1)","decl":{"start":{"line":88,"column":2},"end":{"line":88,"column":3}},"loc":{"start":{"line":88,"column":16},"end":{"line":92,"column":3}},"line":88},"2":{"name":"(anonymous_2)","decl":{"start":{"line":89,"column":29},"end":{"line":89,"column":30}},"loc":{"start":{"line":90,"column":6},"end":{"line":90,"column":59}},"line":90}},"branchMap":{"0":{"loc":{"start":{"line":11,"column":20},"end":{"line":11,"column":34}},"type":"binary-expr","locations":[{"start":{"line":11,"column":20},"end":{"line":11,"column":28}},{"start":{"line":11,"column":32},"end":{"line":11,"column":34}}],"line":11},"1":{"loc":{"start":{"line":15,"column":4},"end":{"line":26,"column":5}},"type":"switch","locations":[{"start":{"line":16,"column":6},"end":{"line":17,"column":49}},{"start":{"line":18,"column":6},"end":{"line":19,"column":49}},{"start":{"line":20,"column":6},"end":{"line":21,"column":56}},{"start":{"line":22,"column":6},"end":{"line":23,"column":54}},{"start":{"line":24,"column":6},"end":{"line":25,"column":48}}],"line":15},"2":{"loc":{"start":{"line":33,"column":4},"end":{"line":35,"column":5}},"type":"if","locations":[{"start":{"line":33,"column":4},"end":{"line":35,"column":5}},{"start":{"line":33,"column":4},"end":{"line":35,"column":5}}],"line":33},"3":{"loc":{"start":{"line":51,"column":4},"end":{"line":53,"column":5}},"type":"if","locations":[{"start":{"line":51,"column":4},"end":{"line":53,"column":5}},{"start":{"line":51,"column":4},"end":{"line":53,"column":5}}],"line":51},"4":{"loc":{"start":{"line":55,"column":4},"end":{"line":57,"column":5}},"type":"if","locations":[{"start":{"line":55,"column":4},"end":{"line":57,"column":5}},{"start":{"line":55,"column":4},"end":{"line":57,"column":5}}],"line":55},"5":{"loc":{"start":{"line":59,"column":4},"end":{"line":63,"column":5}},"type":"if","locations":[{"start":{"line":59,"column":4},"end":{"line":63,"column":5}},{"start":{"line":59,"column":4},"end":{"line":63,"column":5}}],"line":59},"6":{"loc":{"start":{"line":74,"column":30},"end":{"line":74,"column":44}},"type":"default-arg","locations":[{"start":{"line":74,"column":43},"end":{"line":74,"column":44}}],"line":74},"7":{"loc":{"start":{"line":78,"column":4},"end":{"line":80,"column":5}},"type":"if","locations":[{"start":{"line":78,"column":4},"end":{"line":80,"column":5}},{"start":{"line":78,"column":4},"end":{"line":80,"column":5}}],"line":78}},"s":{"0":14,"1":229,"2":30,"3":4,"4":90,"5":15,"6":90,"7":30,"8":30,"9":30,"10":28,"11":30,"12":30,"13":30,"14":4,"15":90,"16":90,"17":90,"18":85,"19":90,"20":75,"21":90,"22":60,"23":30,"24":90,"25":90,"26":15,"27":105,"28":105,"29":105,"30":76,"31":105,"32":105,"33":105,"34":229,"35":229},"f":{"0":14,"1":229,"2":229},"b":{"0":[14,2],"1":[30,4,90,15,90],"2":[28,2],"3":[85,5],"4":[75,15],"5":[60,30],"6":[90],"7":[76,29]},"_coverageSchema":"1a1c01bbd47fc00a2c39e90264f33305004495a9","hash":"98b7fbd6ea9506050488514757dc7a499b254d93"}
,"/home/THernandez/Projects/comparaonline.test/src/models/Product/Product.js": {"path":"/home/THernandez/Projects/comparaonline.test/src/models/Product/Product.js","statementMap":{"0":{"start":{"line":3,"column":4},"end":{"line":3,"column":21}},"1":{"start":{"line":4,"column":4},"end":{"line":4,"column":25}},"2":{"start":{"line":5,"column":4},"end":{"line":5,"column":23}}},"fnMap":{"0":{"name":"(anonymous_0)","decl":{"start":{"line":2,"column":2},"end":{"line":2,"column":3}},"loc":{"start":{"line":2,"column":35},"end":{"line":6,"column":3}},"line":2}},"branchMap":{},"s":{"0":242,"1":242,"2":242},"f":{"0":242},"b":{},"_coverageSchema":"1a1c01bbd47fc00a2c39e90264f33305004495a9","hash":"0888a50ebf4017780a753cdd743f6945d06543dc"}
,"/home/THernandez/Projects/comparaonline.test/src/utils/index.js": {"path":"/home/THernandez/Projects/comparaonline.test/src/utils/index.js","statementMap":{},"fnMap":{},"branchMap":{},"s":{},"f":{},"b":{},"_coverageSchema":"1a1c01bbd47fc00a2c39e90264f33305004495a9","hash":"051addaf7dee6fe2c29f09b4dba536726c73d560"}
,"/home/THernandez/Projects/comparaonline.test/src/utils/price/price.js": {"path":"/home/THernandez/Projects/comparaonline.test/src/utils/price/price.js","statementMap":{"0":{"start":{"line":1,"column":24},"end":{"line":4,"column":1}},"1":{"start":{"line":2,"column":17},"end":{"line":2,"column":31}},"2":{"start":{"line":3,"column":2},"end":{"line":3,"column":41}},"3":{"start":{"line":6,"column":24},"end":{"line":9,"column":1}},"4":{"start":{"line":7,"column":17},"end":{"line":7,"column":31}},"5":{"start":{"line":8,"column":2},"end":{"line":8,"column":41}}},"fnMap":{"0":{"name":"(anonymous_0)","decl":{"start":{"line":1,"column":24},"end":{"line":1,"column":25}},"loc":{"start":{"line":1,"column":59},"end":{"line":4,"column":1}},"line":1},"1":{"name":"(anonymous_1)","decl":{"start":{"line":6,"column":24},"end":{"line":6,"column":25}},"loc":{"start":{"line":6,"column":58},"end":{"line":9,"column":1}},"line":6}},"branchMap":{"0":{"loc":{"start":{"line":1,"column":32},"end":{"line":1,"column":42}},"type":"default-arg","locations":[{"start":{"line":1,"column":41},"end":{"line":1,"column":42}}],"line":1},"1":{"loc":{"start":{"line":1,"column":44},"end":{"line":1,"column":54}},"type":"default-arg","locations":[{"start":{"line":1,"column":52},"end":{"line":1,"column":54}}],"line":1},"2":{"loc":{"start":{"line":3,"column":9},"end":{"line":3,"column":40}},"type":"cond-expr","locations":[{"start":{"line":3,"column":26},"end":{"line":3,"column":31}},{"start":{"line":3,"column":34},"end":{"line":3,"column":40}}],"line":3},"3":{"loc":{"start":{"line":6,"column":32},"end":{"line":6,"column":42}},"type":"default-arg","locations":[{"start":{"line":6,"column":41},"end":{"line":6,"column":42}}],"line":6},"4":{"loc":{"start":{"line":6,"column":44},"end":{"line":6,"column":53}},"type":"default-arg","locations":[{"start":{"line":6,"column":52},"end":{"line":6,"column":53}}],"line":6},"5":{"loc":{"start":{"line":8,"column":9},"end":{"line":8,"column":40}},"type":"cond-expr","locations":[{"start":{"line":8,"column":26},"end":{"line":8,"column":31}},{"start":{"line":8,"column":34},"end":{"line":8,"column":40}}],"line":8}},"s":{"0":2,"1":65,"2":65,"3":2,"4":110,"5":110},"f":{"0":65,"1":110},"b":{"0":[1],"1":[64],"2":[21,44],"3":[1],"4":[109],"5":[68,42]},"_coverageSchema":"1a1c01bbd47fc00a2c39e90264f33305004495a9","hash":"ec26d43c07a01c5351e062d3ae3a45a7c1263064"}
}
