TN:
SF:src/constants/index.js
FNF:0
FNH:0
LF:0
LH:0
BRF:0
BRH:0
end_of_record
TN:
SF:src/constants/productNames.js
FNF:0
FNH:0
DA:1,1
DA:2,1
DA:3,1
DA:4,1
DA:5,1
DA:6,1
LF:6
LH:6
BRF:0
BRH:0
end_of_record
TN:
SF:src/models/CarInsurance/CarInsurance.js
FN:10,(anonymous_0)
FN:88,(anonymous_1)
FN:89,(anonymous_2)
FNF:3
FNH:3
FNDA:14,(anonymous_0)
FNDA:229,(anonymous_1)
FNDA:229,(anonymous_2)
DA:11,14
DA:15,229
DA:17,30
DA:19,4
DA:21,90
DA:23,15
DA:25,90
DA:30,30
DA:31,30
DA:33,30
DA:34,28
DA:37,30
DA:38,30
DA:40,30
DA:44,4
DA:48,90
DA:49,90
DA:51,90
DA:52,85
DA:55,90
DA:56,75
DA:59,90
DA:60,60
DA:62,30
DA:65,90
DA:67,90
DA:71,15
DA:75,105
DA:76,105
DA:78,105
DA:79,76
DA:82,105
DA:83,105
DA:85,105
DA:89,229
DA:90,229
LF:36
LH:36
BRDA:11,0,0,14
BRDA:11,0,1,2
BRDA:15,1,0,30
BRDA:15,1,1,4
BRDA:15,1,2,90
BRDA:15,1,3,15
BRDA:15,1,4,90
BRDA:33,2,0,28
BRDA:33,2,1,2
BRDA:51,3,0,85
BRDA:51,3,1,5
BRDA:55,4,0,75
BRDA:55,4,1,15
BRDA:59,5,0,60
BRDA:59,5,1,30
BRDA:74,6,0,90
BRDA:78,7,0,76
BRDA:78,7,1,29
BRF:18
BRH:18
end_of_record
TN:
SF:src/models/Product/Product.js
FN:2,(anonymous_0)
FNF:1
FNH:1
FNDA:242,(anonymous_0)
DA:3,242
DA:4,242
DA:5,242
LF:3
LH:3
BRF:0
BRH:0
end_of_record
TN:
SF:src/utils/index.js
FNF:0
FNH:0
LF:0
LH:0
BRF:0
BRH:0
end_of_record
TN:
SF:src/utils/price/price.js
FN:1,(anonymous_0)
FN:6,(anonymous_1)
FNF:2
FNH:2
FNDA:65,(anonymous_0)
FNDA:110,(anonymous_1)
DA:1,2
DA:2,65
DA:3,65
DA:6,2
DA:7,110
DA:8,110
LF:6
LH:6
BRDA:1,0,0,1
BRDA:1,1,0,64
BRDA:3,2,0,21
BRDA:3,2,1,44
BRDA:6,3,0,1
BRDA:6,4,0,109
BRDA:8,5,0,68
BRDA:8,5,1,42
BRF:8
BRH:8
end_of_record
